2020-04-10 21:10:42.360  INFO 9716 --- [restartedMain] com.example.ToDo.ToDoApplication         : Starting ToDoApplication on DESKTOP-HITBG59 with PID 9716 (started by Shubh in C:\Users\Shubh Gupta\Desktop\ToDo\Backend\ToDo)
2020-04-10 21:10:42.361  INFO 9716 --- [restartedMain] com.example.ToDo.ToDoApplication         : No active profile set, falling back to default profiles: default
2020-04-10 21:10:42.490  INFO 9716 --- [restartedMain] .e.DevToolsPropertyDefaultsPostProcessor : Devtools property defaults active! Set 'spring.devtools.add-properties' to 'false' to disable
2020-04-10 21:10:42.491  INFO 9716 --- [restartedMain] .e.DevToolsPropertyDefaultsPostProcessor : For additional web related logging consider setting the 'logging.level.web' property to 'DEBUG'
2020-04-10 21:10:44.011  INFO 9716 --- [restartedMain] .s.d.r.c.RepositoryConfigurationDelegate : Bootstrapping Spring Data repositories in DEFAULT mode.
2020-04-10 21:10:44.050  INFO 9716 --- [restartedMain] .s.d.r.c.RepositoryConfigurationDelegate : Finished Spring Data repository scanning in 31ms. Found 0 repository interfaces.
2020-04-10 21:10:44.835  INFO 9716 --- [restartedMain] trationDelegate$BeanPostProcessorChecker : Bean 'org.springframework.transaction.annotation.ProxyTransactionManagementConfiguration' of type [org.springframework.transaction.annotation.ProxyTransactionManagementConfiguration$$EnhancerBySpringCGLIB$$5c2c90d6] is not eligible for getting processed by all BeanPostProcessors (for example: not eligible for auto-proxying)
2020-04-10 21:10:46.034  INFO 9716 --- [restartedMain] o.s.b.w.embedded.tomcat.TomcatWebServer  : Tomcat initialized with port(s): 3333 (http)
2020-04-10 21:10:46.083  INFO 9716 --- [restartedMain] o.apache.catalina.core.StandardService   : Starting service [Tomcat]
2020-04-10 21:10:46.084  INFO 9716 --- [restartedMain] org.apache.catalina.core.StandardEngine  : Starting Servlet Engine: Apache Tomcat/9.0.13
2020-04-10 21:10:46.106  INFO 9716 --- [restartedMain] o.a.catalina.core.AprLifecycleListener   : The APR based Apache Tomcat Native library which allows optimal performance in production environments was not found on the java.library.path: [C:\Program Files\Java\jdk1.8.0_221\bin;C:\WINDOWS\Sun\Java\bin;C:\WINDOWS\system32;C:\WINDOWS;C:\Program Files\AdoptOpenJDK\jdk-8.0.242.08-openj9\bin;C:\Python27\;C:\Python27\Scripts;C:\Program Files (x86)\Intel\iCLS Client\;C:\Program Files\Intel\iCLS Client\;C:\Windows\system32;C:\Windows;C:\Windows\System32\Wbem;C:\Windows\System32\WindowsPowerShell\v1.0\;C:\Program Files (x86)\Intel\Intel(R) Management Engine Components\DAL;C:\Program Files\Intel\Intel(R) Management Engine Components\DAL;C:\Program Files (x86)\Intel\Intel(R) Management Engine Components\IPT;C:\Program Files\Intel\Intel(R) Management Engine Components\IPT;C:\Program Files (x86)\NVIDIA Corporation\PhysX\Common;C:\Program Files\Intel\IntelSGXPSW\bin\x64\Release\;C:\Program Files\Intel\IntelSGXPSW\bin\win32\Release\;C:\WINDOWS\system32;C:\WINDOWS;C:\WINDOWS\System32\Wbem;C:\WINDOWS\System32\WindowsPowerShell\v1.0\;C:\WINDOWS\System32\OpenSSH\;C:\Program Files\MATLAB\R2018a\runtime\win64;C:\Program Files\MATLAB\R2018a\bin;C:\Program Files (x86)\National Instruments\Shared\LabVIEW CLI;C:\Program Files\Git\cmd;C:\Program Files (x86)\Windows Kits\8.1\Windows Performance Toolkit\;C:\ProgramData\chocolatey\bin;C:\Program Files\nodejs\;C:\Users\Shubh Gupta\apache-maven-3.6.3-bin\apache-maven-3.6.3\bin;C:\Users\Shubh Gupta\AppData\Local\Microsoft\WindowsApps;C:\Users\Shubh Gupta\AppData\Local\Programs\Microsoft VS Code\bin;C:\Users\Shubh Gupta\AppData\Roaming\npm;.]
2020-04-10 21:10:46.343  INFO 9716 --- [restartedMain] o.a.c.c.C.[Tomcat].[localhost].[/ToDo]   : Initializing Spring embedded WebApplicationContext
2020-04-10 21:10:46.343  INFO 9716 --- [restartedMain] o.s.web.context.ContextLoader            : Root WebApplicationContext: initialization completed in 3852 ms
2020-04-10 21:10:47.070  INFO 9716 --- [restartedMain] com.zaxxer.hikari.HikariDataSource       : HikariPool-1 - Starting...
2020-04-10 21:10:47.755  INFO 9716 --- [restartedMain] com.zaxxer.hikari.HikariDataSource       : HikariPool-1 - Start completed.
2020-04-10 21:10:47.996  INFO 9716 --- [restartedMain] o.hibernate.jpa.internal.util.LogHelper  : HHH000204: Processing PersistenceUnitInfo [
	name: default
	...]
2020-04-10 21:10:48.136  INFO 9716 --- [restartedMain] org.hibernate.Version                    : HHH000412: Hibernate Core {5.3.7.Final}
2020-04-10 21:10:48.141  INFO 9716 --- [restartedMain] org.hibernate.cfg.Environment            : HHH000206: hibernate.properties not found
2020-04-10 21:10:48.704  INFO 9716 --- [restartedMain] o.hibernate.annotations.common.Version   : HCANN000001: Hibernate Commons Annotations {5.0.4.Final}
2020-04-10 21:10:49.007  INFO 9716 --- [restartedMain] org.hibernate.dialect.Dialect            : HHH000400: Using dialect: org.hibernate.dialect.MySQL5Dialect
2020-04-10 21:10:49.480  INFO 9716 --- [restartedMain] j.LocalContainerEntityManagerFactoryBean : Initialized JPA EntityManagerFactory for persistence unit 'default'
2020-04-10 21:10:50.076  INFO 9716 --- [restartedMain] o.s.s.concurrent.ThreadPoolTaskExecutor  : Initializing ExecutorService 'applicationTaskExecutor'
2020-04-10 21:10:50.198  WARN 9716 --- [restartedMain] aWebConfiguration$JpaWebMvcConfiguration : spring.jpa.open-in-view is enabled by default. Therefore, database queries may be performed during view rendering. Explicitly configure spring.jpa.open-in-view to disable this warning
2020-04-10 21:10:50.607  INFO 9716 --- [restartedMain] o.s.b.d.a.OptionalLiveReloadServer       : LiveReload server is running on port 35729
2020-04-10 21:10:50.741  INFO 9716 --- [restartedMain] o.s.b.w.embedded.tomcat.TomcatWebServer  : Tomcat started on port(s): 3333 (http) with context path '/ToDo'
2020-04-10 21:10:50.752  INFO 9716 --- [restartedMain] com.example.ToDo.ToDoApplication         : Started ToDoApplication in 9.598 seconds (JVM running for 11.009)
